<?xml version="1.0" encoding="utf-8"?><testsuites name="pytest tests"><testsuite name="pytest" errors="0" failures="0" skipped="0" tests="15" time="1.822" timestamp="2026-04-05T07:25:52.285585+00:00" hostname="agent-env-d7c0f03d-6c4c-4506-99df-97726790150c"><testcase classname="backend.tests.test_portfolio_api.TestProjectsAPI" name="test_get_all_projects" time="0.137" /><testcase classname="backend.tests.test_portfolio_api.TestProjectsAPI" name="test_projects_have_required_fields" time="0.106" /><testcase classname="backend.tests.test_portfolio_api.TestProjectsAPI" name="test_get_single_project" time="0.149" /><testcase classname="backend.tests.test_portfolio_api.TestSkillsAPI" name="test_get_all_skills" time="0.110" /><testcase classname="backend.tests.test_portfolio_api.TestSkillsAPI" name="test_skills_have_required_fields" time="0.115" /><testcase classname="backend.tests.test_portfolio_api.TestSkillsAPI" name="test_get_skill_categories" time="0.102" /><testcase classname="backend.tests.test_portfolio_api.TestDashboardAPI" name="test_get_metrics" time="0.099" /><testcase classname="backend.tests.test_portfolio_api.TestDashboardAPI" name="test_get_metrics_history" time="0.143" /><testcase classname="backend.tests.test_portfolio_api.TestDashboardAPI" name="test_get_systems" time="0.095" /><testcase classname="backend.tests.test_portfolio_api.TestDashboardAPI" name="test_get_alerts" time="0.103" /><testcase classname="backend.tests.test_portfolio_api.TestBarbershopAPI" name="test_get_all_barbershops" time="0.100" /><testcase classname="backend.tests.test_portfolio_api.TestBarbershopAPI" name="test_barbershops_have_required_fields" time="0.094" /><testcase classname="backend.tests.test_portfolio_api.TestBarbershopAPI" name="test_search_nearby_barbershops" time="0.097" /><testcase classname="backend.tests.test_portfolio_api.TestBarbershopAPI" name="test_search_with_small_radius" time="0.097" /><testcase classname="backend.tests.test_portfolio_api.TestBarbershopAPI" name="test_get_single_barbershop" time="0.098" /></testsuite></testsuites>